<?xml version="1.0" encoding="UTF-8"?>
<testng-results skipped="0" failed="0" ignored="0" total="1" passed="1">
  <reporter-output>
  </reporter-output>
  <suite name="Gmail Suite" duration-ms="36514" started-at="2018-11-27T12:00:50Z" finished-at="2018-11-27T12:01:26Z">
    <groups>
    </groups>
    <test name="flipkart" duration-ms="36514" started-at="2018-11-27T12:00:50Z" finished-at="2018-11-27T12:01:26Z">
      <class name="com.webApp.test.DemoTest">
        <test-method status="PASS" signature="init()[pri:0, instance:com.webApp.test.DemoTest@5ce81285]" name="init" is-config="true" duration-ms="8990" started-at="2018-11-27T12:00:50Z" finished-at="2018-11-27T12:00:59Z">
          <reporter-output>
          </reporter-output>
        </test-method> <!-- init -->
        <test-method status="PASS" signature="searchNewFriend()[pri:1, instance:com.webApp.test.DemoTest@5ce81285]" name="searchNewFriend" duration-ms="26906" started-at="2018-11-27T12:00:59Z" finished-at="2018-11-27T12:01:26Z">
          <reporter-output>
          </reporter-output>
        </test-method> <!-- searchNewFriend -->
        <test-method status="PASS" signature="tearDownEnv()[pri:0, instance:com.webApp.test.DemoTest@5ce81285]" name="tearDownEnv" is-config="true" duration-ms="583" started-at="2018-11-27T12:01:26Z" finished-at="2018-11-27T12:01:26Z">
          <reporter-output>
          </reporter-output>
        </test-method> <!-- tearDownEnv -->
      </class> <!-- com.webApp.test.DemoTest -->
    </test> <!-- flipkart -->
  </suite> <!-- Gmail Suite -->
</testng-results>
