<?xml version="1.0" encoding="UTF-8"?>
<testng-results skipped="0" failed="0" ignored="0" total="2" passed="2">
  <reporter-output>
  </reporter-output>
  <suite name="Default suite" duration-ms="114" started-at="2018-11-27T04:59:26Z" finished-at="2018-11-27T04:59:26Z">
    <groups>
    </groups>
    <test name="Default test" duration-ms="114" started-at="2018-11-27T04:59:26Z" finished-at="2018-11-27T04:59:26Z">
      <class name="myWebAppProject.NewTest">
        <test-method status="PASS" signature="beforeMethod()[pri:0, instance:myWebAppProject.NewTest@36d4b5c]" name="beforeMethod" is-config="true" duration-ms="14" started-at="2018-11-27T04:59:26Z" finished-at="2018-11-27T04:59:26Z">
          <reporter-output>
          </reporter-output>
        </test-method> <!-- beforeMethod -->
        <test-method status="PASS" signature="testCase1()[pri:0, instance:myWebAppProject.NewTest@36d4b5c]" name="testCase1" duration-ms="12" started-at="2018-11-27T04:59:26Z" finished-at="2018-11-27T04:59:26Z">
          <reporter-output>
          </reporter-output>
        </test-method> <!-- testCase1 -->
        <test-method status="PASS" signature="afterMethod()[pri:0, instance:myWebAppProject.NewTest@36d4b5c]" name="afterMethod" is-config="true" duration-ms="1" started-at="2018-11-27T04:59:26Z" finished-at="2018-11-27T04:59:26Z">
          <reporter-output>
          </reporter-output>
        </test-method> <!-- afterMethod -->
        <test-method status="PASS" signature="beforeMethod()[pri:0, instance:myWebAppProject.NewTest@36d4b5c]" name="beforeMethod" is-config="true" duration-ms="0" started-at="2018-11-27T04:59:26Z" finished-at="2018-11-27T04:59:26Z">
          <reporter-output>
          </reporter-output>
        </test-method> <!-- beforeMethod -->
        <test-method status="PASS" signature="testCase2()[pri:0, instance:myWebAppProject.NewTest@36d4b5c]" name="testCase2" duration-ms="3" started-at="2018-11-27T04:59:26Z" finished-at="2018-11-27T04:59:26Z">
          <reporter-output>
          </reporter-output>
        </test-method> <!-- testCase2 -->
        <test-method status="PASS" signature="afterMethod()[pri:0, instance:myWebAppProject.NewTest@36d4b5c]" name="afterMethod" is-config="true" duration-ms="1" started-at="2018-11-27T04:59:26Z" finished-at="2018-11-27T04:59:26Z">
          <reporter-output>
          </reporter-output>
        </test-method> <!-- afterMethod -->
      </class> <!-- myWebAppProject.NewTest -->
    </test> <!-- Default test -->
  </suite> <!-- Default suite -->
</testng-results>
